[debug] [2022-10-22T18:13:06.945Z] ----------------------------------------------------------------------
[debug] [2022-10-22T18:13:06.947Z] Command:       C:\Program Files\nodejs\node.exe C:\Users\JIMMY ARANGO\AppData\Roaming\npm\node_modules\firebase-tools\lib\bin\firebase.js init
[debug] [2022-10-22T18:13:06.948Z] CLI Version:   11.15.0
[debug] [2022-10-22T18:13:06.948Z] Platform:      win32
[debug] [2022-10-22T18:13:06.948Z] Node Version:  v17.3.0
[debug] [2022-10-22T18:13:06.949Z] Time:          Sat Oct 22 2022 13:13:06 GMT-0500 (hora estándar de Colombia)
[debug] [2022-10-22T18:13:06.949Z] ----------------------------------------------------------------------
[debug] 
[debug] [2022-10-22T18:13:06.956Z] > command requires scopes: ["email","openid","https://www.googleapis.com/auth/cloudplatformprojects.readonly","https://www.googleapis.com/auth/firebase","https://www.googleapis.com/auth/cloud-platform"]
[debug] [2022-10-22T18:13:06.957Z] > authorizing via signed-in user (arangojimmy535@gmail.com)
[info] 
     ######## #### ########  ######## ########     ###     ######  ########
     ##        ##  ##     ## ##       ##     ##  ##   ##  ##       ##
     ######    ##  ########  ######   ########  #########  ######  ######
     ##        ##  ##    ##  ##       ##     ## ##     ##       ## ##
     ##       #### ##     ## ######## ########  ##     ##  ######  ########

You're about to initialize a Firebase project in this directory:

  C:\Users\JIMMY ARANGO\OneDrive\Documentos\GitHub\Frontend

[info] 
=== Project Setup
[info] 
[info] First, let's associate this project directory with a Firebase project.
[info] You can create multiple project aliases by running firebase use --add, 
[info] but for now we'll just set up a default project.
[info] 
[debug] [2022-10-22T18:13:12.405Z] >>> [apiv2][query] GET https://firebase.googleapis.com/v1beta1/projects pageSize=100
[debug] [2022-10-22T18:13:13.113Z] <<< [apiv2][status] GET https://firebase.googleapis.com/v1beta1/projects 200
[debug] [2022-10-22T18:13:13.113Z] <<< [apiv2][body] GET https://firebase.googleapis.com/v1beta1/projects [omitted]
[info] i  Using project vehiculos-3ae92 (vehiculos) 
[info] 
=== Hosting Setup
[info] 
[info] Your public directory is the folder (relative to your project directory) that
[info] will contain Hosting assets to be uploaded with firebase deploy. If you
[info] have a build process for your assets, use your build's output directory.
[info] 
[debug] [2022-10-22T18:13:29.448Z] >>> [apiv2][query] GET https://www.gstatic.com/firebasejs/releases.json [none]
[debug] [2022-10-22T18:13:29.682Z] <<< [apiv2][status] GET https://www.gstatic.com/firebasejs/releases.json 200
[debug] [2022-10-22T18:13:29.682Z] <<< [apiv2][body] GET https://www.gstatic.com/firebasejs/releases.json {"current":{"version":"9.12.1","browserURL":"https://www.gstatic.com/firebasejs/9.12.1/firebase.js","packageURL":"https://www.gstatic.com/firebasejs/9.12.1/firebase.tgz"},"live":{"version":"9.12","browserURL":"https://www.gstatic.com/firebasejs/live/9.12/firebase.js","packageURL":"https://www.gstatic.com/firebasejs/live/9.12/firebase.tgz"},"components":{"analytics":"https://www.gstatic.com/firebasejs/9.12.1/firebase-analytics.js","app":"https://www.gstatic.com/firebasejs/9.12.1/firebase-app.js","app-check":"https://www.gstatic.com/firebasejs/9.12.1/firebase-app-check.js","auth":"https://www.gstatic.com/firebasejs/9.12.1/firebase-auth.js","auth/cordova":"https://www.gstatic.com/firebasejs/9.12.1/firebase-auth/cordova.js","auth/react-native":"https://www.gstatic.com/firebasejs/9.12.1/firebase-auth/react-native.js","functions":"https://www.gstatic.com/firebasejs/9.12.1/firebase-functions.js","firestore":"https://www.gstatic.com/firebasejs/9.12.1/firebase-firestore.js","firestore/lite":"https://www.gstatic.com/firebasejs/9.12.1/firebase-firestore/lite.js","installations":"https://www.gstatic.com/firebasejs/9.12.1/firebase-installations.js","storage":"https://www.gstatic.com/firebasejs/9.12.1/firebase-storage.js","performance":"https://www.gstatic.com/firebasejs/9.12.1/firebase-performance.js","remote-config":"https://www.gstatic.com/firebasejs/9.12.1/firebase-remote-config.js","messaging":"https://www.gstatic.com/firebasejs/9.12.1/firebase-messaging.js","messaging/sw":"https://www.gstatic.com/firebasejs/9.12.1/firebase-messaging/sw.js","database":"https://www.gstatic.com/firebasejs/9.12.1/firebase-database.js","firestore.memory":"https://www.gstatic.com/firebasejs/9.12.1/firebase-firestore.memory.js"}}
[info] +  Wrote dist/index.html 
[info] 
[info] i  Detected a .git folder at C:\Users\JIMMY ARANGO\OneDrive\Documentos\GitHub\Frontend 
[info] i  Authorizing with GitHub to upload your service account to a GitHub repository's secrets store. 
[info] 
[info] Visit this URL on this device to log in:
[info] https://github.com/login/oauth/authorize?client_id=89cf50f02ac6aaed3484&state=731680380&redirect_uri=http%3A%2F%2Flocalhost%3A9005&scope=read%3Auser%20repo%20public_repo
[info] 
[info] Waiting for authentication...
[debug] [2022-10-22T18:13:37.940Z] >>> [apiv2][query] POST https://github.com/login/oauth/access_token [none]
[debug] [2022-10-22T18:13:37.940Z] >>> [apiv2][body] POST https://github.com/login/oauth/access_token [stream]
[debug] [2022-10-22T18:13:38.559Z] <<< [apiv2][status] POST https://github.com/login/oauth/access_token 200
[debug] [2022-10-22T18:13:38.559Z] <<< [apiv2][body] POST https://github.com/login/oauth/access_token {"access_token":"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","token_type":"bearer","scope":"read:user,repo"}
[debug] [2022-10-22T18:13:38.577Z] >>> [apiv2][query] GET https://api.github.com/user [none]
[debug] [2022-10-22T18:13:39.206Z] <<< [apiv2][status] GET https://api.github.com/user 200
[debug] [2022-10-22T18:13:39.207Z] <<< [apiv2][body] GET https://api.github.com/user {"login":"arabgojimmy535","id":39570437,"node_id":"MDQ6VXNlcjM5NTcwNDM3","avatar_url":"https://avatars.githubusercontent.com/u/39570437?v=4","gravatar_id":"","url":"https://api.github.com/users/arabgojimmy535","html_url":"https://github.com/arabgojimmy535","followers_url":"https://api.github.com/users/arabgojimmy535/followers","following_url":"https://api.github.com/users/arabgojimmy535/following{/other_user}","gists_url":"https://api.github.com/users/arabgojimmy535/gists{/gist_id}","starred_url":"https://api.github.com/users/arabgojimmy535/starred{/owner}{/repo}","subscriptions_url":"https://api.github.com/users/arabgojimmy535/subscriptions","organizations_url":"https://api.github.com/users/arabgojimmy535/orgs","repos_url":"https://api.github.com/users/arabgojimmy535/repos","events_url":"https://api.github.com/users/arabgojimmy535/events{/privacy}","received_events_url":"https://api.github.com/users/arabgojimmy535/received_events","type":"User","site_admin":false,"name":"arangojimmy535","company":null,"blog":"","location":null,"email":null,"hireable":null,"bio":null,"twitter_username":null,"public_repos":4,"public_gists":0,"followers":0,"following":0,"created_at":"2018-05-23T20:22:48Z","updated_at":"2022-09-21T19:21:48Z","private_gists":0,"total_private_repos":0,"owned_private_repos":0,"disk_usage":48246,"collaborators":0,"two_factor_authentication":false,"plan":{"name":"free","space":976562499,"collaborators":0,"private_repos":10000}}
[info] 
[info] +  Success! Logged into GitHub as arabgojimmy535 
[info] 
